<?xml version="1.0" encoding="UTF-8"?>
<!-- Generated by org.testng.reporters.JUnitReportReporter -->
<testsuite skipped="0" hostname="del1-lmac-n65120.synapse.com" name="com.automate.api.apiTest" tests="1" failures="0" timestamp="18 Jul 2019 10:19:25 GMT" time="3.128" errors="0">
  <testcase name="extractresponse" time="3.128" classname="com.automate.api.apiTest"/>
</testsuite> <!-- com.automate.api.apiTest -->
