<?xml version="1.0" encoding="UTF-8"?>
<!-- Generated by org.testng.reporters.JUnitReportReporter -->
<testsuite skipped="0" hostname="del1-lmac-n65120.local" name="com.automate.api.apiTest" tests="1" failures="0" timestamp="17 Jul 2019 08:01:51 GMT" time="2.321" errors="0">
  <testcase name="testStatusCode" time="2.321" classname="com.automate.api.apiTest"/>
</testsuite> <!-- com.automate.api.apiTest -->
